Arguments: 
  /usr/local/Cellar/node/17.0.1/bin/node /usr/local/bin/yarn add hardhat -D

PATH: 
  /Users/jwross/google-cloud-sdk/bin:/var/folders/_w/p4m0h7zj1wn0ph5sj7flp54h0000gn/T/fnm_multishells/76845_1635177478707/bin:/Users/jwross/.fnm:/Users/jwross/opt/anaconda3/bin:/Users/jwross/opt/anaconda3/condabin:/var/folders/_w/p4m0h7zj1wn0ph5sj7flp54h0000gn/T/fnm_multishells/76821_1635177478251/bin:/Users/jwross/bin:/usr/local/bin:/usr/local/bin:/usr/local/sbin:/usr/local/bin:/usr/bin:/bin:/usr/sbin:/sbin:/Users/jwross/.fig/bin:/usr/local/opt/fzf/bin

Yarn version: 
  1.22.11

Node version: 
  17.0.1

Platform: 
  darwin x64

Trace: 
  Error: https://registry.yarnpkg.com/hardhat: tunneling socket could not be established, cause=connect ECONNREFUSED 127.0.0.1:7890
      at ClientRequest.onError (/usr/local/lib/node_modules/yarn/lib/cli.js:152249:17)
      at Object.onceWrapper (node:events:510:26)
      at ClientRequest.emit (node:events:390:28)
      at Socket.socketErrorListener (node:_http_client:447:9)
      at Socket.emit (node:events:390:28)
      at emitErrorNT (node:internal/streams/destroy:164:8)
      at emitErrorCloseNT (node:internal/streams/destroy:129:3)
      at processTicksAndRejections (node:internal/process/task_queues:83:21)

npm manifest: 
  {
    "name": "league-of-nfts",
    "version": "1.0.0",
    "description": "",
    "main": "index.js",
    "scripts": {
      "test": "echo \"Error: no test specified\" && exit 1"
    },
    "keywords": [],
    "author": "",
    "license": "ISC"
  }

yarn manifest: 
  No manifest

Lockfile: 
  No lockfile
